Started at Thu May 13 08:52:07 UTC 2021
Processing DATE
Offering DATE to Project Build Discarder
Processing FreeStyle-DATE
Offering FreeStyle-DATE to Project Build Discarder
Processing FreeStyle-Hello_World-POLL-SCM
Offering FreeStyle-Hello_World-POLL-SCM to Project Build Discarder
Processing FreeStyle-Hello_World-WEBHOOK
Offering FreeStyle-Hello_World-WEBHOOK to Project Build Discarder
Processing FreeStyle-ifconfig
Offering FreeStyle-ifconfig to Project Build Discarder
Processing FreeStyle-My_App-MAVEN
Offering FreeStyle-My_App-MAVEN to Project Build Discarder
Processing Hello-JAVA
Offering Hello-JAVA to Project Build Discarder
Processing Hello_World
Offering Hello_World to Project Build Discarder
Processing IP_ADDR
Offering IP_ADDR to Project Build Discarder
Processing Maven-Iwaq
Offering Maven-Iwaq to Project Build Discarder
Processing Maven-Sample
Offering Maven-Sample to Project Build Discarder
Finished at Thu May 13 08:52:07 UTC 2021. 3ms
Started at Thu May 13 09:52:07 UTC 2021
Processing DATE
Offering DATE to Project Build Discarder
Processing FreeStyle-DATE
Offering FreeStyle-DATE to Project Build Discarder
Processing FreeStyle-Hello_World-POLL-SCM
Offering FreeStyle-Hello_World-POLL-SCM to Project Build Discarder
Processing FreeStyle-Hello_World-WEBHOOK
Offering FreeStyle-Hello_World-WEBHOOK to Project Build Discarder
Processing FreeStyle-ifconfig
Offering FreeStyle-ifconfig to Project Build Discarder
Processing FreeStyle-IWAYQ_Complete
Offering FreeStyle-IWAYQ_Complete to Project Build Discarder
Processing FreeStyle-My_App-MAVEN
Offering FreeStyle-My_App-MAVEN to Project Build Discarder
Processing FreeStyle_IWAYQ_Prarameterized
Offering FreeStyle_IWAYQ_Prarameterized to Project Build Discarder
Processing Hello-JAVA
Offering Hello-JAVA to Project Build Discarder
Processing Hello_World
Offering Hello_World to Project Build Discarder
Processing IP_ADDR
Offering IP_ADDR to Project Build Discarder
Processing Maven-Iwaq
Offering Maven-Iwaq to Project Build Discarder
Processing Maven-Sample
Offering Maven-Sample to Project Build Discarder
Finished at Thu May 13 09:52:07 UTC 2021. 1ms
Started at Thu May 13 10:52:07 UTC 2021
Processing DATE
Offering DATE to Project Build Discarder
Processing FreeStyle-DATE
Offering FreeStyle-DATE to Project Build Discarder
Processing FreeStyle-Hello_World-POLL-SCM
Offering FreeStyle-Hello_World-POLL-SCM to Project Build Discarder
Processing FreeStyle-Hello_World-WEBHOOK
Offering FreeStyle-Hello_World-WEBHOOK to Project Build Discarder
Processing FreeStyle-ifconfig
Offering FreeStyle-ifconfig to Project Build Discarder
Processing FreeStyle-IWAYQ_Complete
Offering FreeStyle-IWAYQ_Complete to Project Build Discarder
Processing FreeStyle-My_App-MAVEN
Offering FreeStyle-My_App-MAVEN to Project Build Discarder
Processing FreeStyle_IWAYQ_Prarameterized
Offering FreeStyle_IWAYQ_Prarameterized to Project Build Discarder
Processing Hello-JAVA
Offering Hello-JAVA to Project Build Discarder
Processing Hello_World
Offering Hello_World to Project Build Discarder
Processing IP_ADDR
Offering IP_ADDR to Project Build Discarder
Processing Maven-Iwaq
Offering Maven-Iwaq to Project Build Discarder
Processing Maven-Sample
Offering Maven-Sample to Project Build Discarder
Finished at Thu May 13 10:52:07 UTC 2021. 2ms
Started at Thu May 13 11:52:07 UTC 2021
Processing DATE
Offering DATE to Project Build Discarder
Processing FreeStyle-DATE
Offering FreeStyle-DATE to Project Build Discarder
Processing FreeStyle-Hello_World-POLL-SCM
Offering FreeStyle-Hello_World-POLL-SCM to Project Build Discarder
Processing FreeStyle-Hello_World-WEBHOOK
Offering FreeStyle-Hello_World-WEBHOOK to Project Build Discarder
Processing FreeStyle-ifconfig
Offering FreeStyle-ifconfig to Project Build Discarder
Processing FreeStyle-IWAYQ_Complete
Offering FreeStyle-IWAYQ_Complete to Project Build Discarder
Processing FreeStyle-My_App-MAVEN
Offering FreeStyle-My_App-MAVEN to Project Build Discarder
Processing FreeStyle-SLAVE
Offering FreeStyle-SLAVE to Project Build Discarder
Processing FreeStyle_IWAYQ_Prarameterized
Offering FreeStyle_IWAYQ_Prarameterized to Project Build Discarder
Processing Hello-JAVA
Offering Hello-JAVA to Project Build Discarder
Processing Hello_World
Offering Hello_World to Project Build Discarder
Processing IP_ADDR
Offering IP_ADDR to Project Build Discarder
Processing Maven-Iwaq
Offering Maven-Iwaq to Project Build Discarder
Processing Maven-Sample
Offering Maven-Sample to Project Build Discarder
Processing Pipeline_Hello-World
Offering Pipeline_Hello-World to Project Build Discarder
Processing Pipeline_IWAYQ
Offering Pipeline_IWAYQ to Project Build Discarder
Finished at Thu May 13 11:52:07 UTC 2021. 0ms
Started at Thu May 13 12:52:07 UTC 2021
Processing DATE
Offering DATE to Project Build Discarder
Processing FreeStyle-DATE
Offering FreeStyle-DATE to Project Build Discarder
Processing FreeStyle-Hello_World-POLL-SCM
Offering FreeStyle-Hello_World-POLL-SCM to Project Build Discarder
Processing FreeStyle-Hello_World-WEBHOOK
Offering FreeStyle-Hello_World-WEBHOOK to Project Build Discarder
Processing FreeStyle-ifconfig
Offering FreeStyle-ifconfig to Project Build Discarder
Processing FreeStyle-IWAYQ_Complete
Offering FreeStyle-IWAYQ_Complete to Project Build Discarder
Processing FreeStyle-My_App-MAVEN
Offering FreeStyle-My_App-MAVEN to Project Build Discarder
Processing FreeStyle-SLAVE
Offering FreeStyle-SLAVE to Project Build Discarder
Processing FreeStyle_IWAYQ_Prarameterized
Offering FreeStyle_IWAYQ_Prarameterized to Project Build Discarder
Processing Hello-JAVA
Offering Hello-JAVA to Project Build Discarder
Processing Hello_World
Offering Hello_World to Project Build Discarder
Processing IP_ADDR
Offering IP_ADDR to Project Build Discarder
Processing Maven-Iwaq
Offering Maven-Iwaq to Project Build Discarder
Processing Maven-Sample
Offering Maven-Sample to Project Build Discarder
Processing Pipeline_Hello-World
Offering Pipeline_Hello-World to Project Build Discarder
Processing Pipeline_IWAYQ
Offering Pipeline_IWAYQ to Project Build Discarder
Finished at Thu May 13 12:52:07 UTC 2021. 1ms
Started at Thu May 13 13:52:07 UTC 2021
Processing DATE
Offering DATE to Project Build Discarder
Processing FreeStyle-DATE
Offering FreeStyle-DATE to Project Build Discarder
Processing FreeStyle-Hello_World-POLL-SCM
Offering FreeStyle-Hello_World-POLL-SCM to Project Build Discarder
Processing FreeStyle-Hello_World-WEBHOOK
Offering FreeStyle-Hello_World-WEBHOOK to Project Build Discarder
Processing FreeStyle-ifconfig
Offering FreeStyle-ifconfig to Project Build Discarder
Processing FreeStyle-IWAYQ_Complete
Offering FreeStyle-IWAYQ_Complete to Project Build Discarder
Processing FreeStyle-My_App-MAVEN
Offering FreeStyle-My_App-MAVEN to Project Build Discarder
Processing FreeStyle-SLAVE
Offering FreeStyle-SLAVE to Project Build Discarder
Processing FreeStyle_IWAYQ_Prarameterized
Offering FreeStyle_IWAYQ_Prarameterized to Project Build Discarder
Processing Hello-JAVA
Offering Hello-JAVA to Project Build Discarder
Processing Hello_World
Offering Hello_World to Project Build Discarder
Processing IP_ADDR
Offering IP_ADDR to Project Build Discarder
Processing Maven-Iwaq
Offering Maven-Iwaq to Project Build Discarder
Processing Maven-Sample
Offering Maven-Sample to Project Build Discarder
Processing Pipeline_Hello-World
Offering Pipeline_Hello-World to Project Build Discarder
Processing Pipeline_IWAYQ
Offering Pipeline_IWAYQ to Project Build Discarder
Finished at Thu May 13 13:52:07 UTC 2021. 1ms
Started at Thu May 13 14:52:07 UTC 2021
Processing DATE
Offering DATE to Project Build Discarder
Processing FreeStyle-DATE
Offering FreeStyle-DATE to Project Build Discarder
Processing FreeStyle-Hello_World-POLL-SCM
Offering FreeStyle-Hello_World-POLL-SCM to Project Build Discarder
Processing FreeStyle-Hello_World-WEBHOOK
Offering FreeStyle-Hello_World-WEBHOOK to Project Build Discarder
Processing FreeStyle-ifconfig
Offering FreeStyle-ifconfig to Project Build Discarder
Processing FreeStyle-IWAYQ_Complete
Offering FreeStyle-IWAYQ_Complete to Project Build Discarder
Processing FreeStyle-My_App-MAVEN
Offering FreeStyle-My_App-MAVEN to Project Build Discarder
Processing FreeStyle-SLAVE
Offering FreeStyle-SLAVE to Project Build Discarder
Processing FreeStyle_IWAYQ_Prarameterized
Offering FreeStyle_IWAYQ_Prarameterized to Project Build Discarder
Processing Hello-JAVA
Offering Hello-JAVA to Project Build Discarder
Processing Hello_World
Offering Hello_World to Project Build Discarder
Processing IP_ADDR
Offering IP_ADDR to Project Build Discarder
Processing Maven-Iwaq
Offering Maven-Iwaq to Project Build Discarder
Processing Maven-Sample
Offering Maven-Sample to Project Build Discarder
Processing Pipeline_Hello-World
Offering Pipeline_Hello-World to Project Build Discarder
Processing Pipeline_IWAYQ
Offering Pipeline_IWAYQ to Project Build Discarder
Finished at Thu May 13 14:52:07 UTC 2021. 2ms
